2019-10-05 14:31:12.964 [main] DEBUG com.Tkk.job.dao.PersonInfoDaoTest - Running with Spring Boot v2.1.6.RELEASE, Spring v5.1.8.RELEASE
2019-10-05 14:31:17.640 [main] DEBUG com.Tkk.job.dao.PersonInfoDao.queryPersonInfoById - ==>  Preparing: SELECT user_id, name, gender, email, profile_img, create_time, last_edit_time FROM tb_person_info WHERE user_id = ? 
2019-10-05 14:31:17.675 [main] DEBUG com.Tkk.job.dao.PersonInfoDao.queryPersonInfoById - ==> Parameters: 1(Integer)
2019-10-05 14:31:17.805 [main] DEBUG com.Tkk.job.dao.PersonInfoDao.queryPersonInfoById - <==      Total: 1
2019-10-05 16:16:34.412 [main] DEBUG com.Tkk.job.JobApplication - Running with Spring Boot v2.1.6.RELEASE, Spring v5.1.8.RELEASE
2019-10-05 16:16:55.277 [http-nio-8081-exec-1] DEBUG c.T.j.dao.LocalAuthDao.queryLocalByUserNameAndPwd - ==>  Preparing: SELECT l.local_auth_id, l.username, l.password, l.create_time, l.last_edit_time, l.user_type, l.enable_status, p.user_id, p.name, p.gender, p.email, p.profile_img, p.create_time, p.last_edit_time FROM tb_local_auth l LEFT JOIN tb_person_info p ON l.user_id = p.user_id WHERE l.username = ? AND l.password = ? AND l.user_type = ? 
2019-10-05 16:16:55.301 [http-nio-8081-exec-1] DEBUG c.T.j.dao.LocalAuthDao.queryLocalByUserNameAndPwd - ==> Parameters: lucky(String), 102033(String), 0(Integer)
2019-10-05 16:16:55.323 [http-nio-8081-exec-1] DEBUG c.T.j.dao.LocalAuthDao.queryLocalByUserNameAndPwd - <==      Total: 0
2019-10-05 16:17:00.771 [http-nio-8081-exec-3] DEBUG c.T.j.dao.LocalAuthDao.queryLocalByUserNameAndPwd - ==>  Preparing: SELECT l.local_auth_id, l.username, l.password, l.create_time, l.last_edit_time, l.user_type, l.enable_status, p.user_id, p.name, p.gender, p.email, p.profile_img, p.create_time, p.last_edit_time FROM tb_local_auth l LEFT JOIN tb_person_info p ON l.user_id = p.user_id WHERE l.username = ? AND l.password = ? AND l.user_type = ? 
2019-10-05 16:17:00.771 [http-nio-8081-exec-3] DEBUG c.T.j.dao.LocalAuthDao.queryLocalByUserNameAndPwd - ==> Parameters: lucky(String), 1020330(String), 0(Integer)
2019-10-05 16:17:00.777 [http-nio-8081-exec-3] DEBUG c.T.j.dao.LocalAuthDao.queryLocalByUserNameAndPwd - <==      Total: 1
2019-10-05 16:19:00.330 [http-nio-8081-exec-6] DEBUG com.Tkk.job.config.util.ImageUtil - current relativeAddr is:\upload\item\User\1\2019100516190051652.jpg
2019-10-05 16:19:00.330 [http-nio-8081-exec-6] DEBUG com.Tkk.job.config.util.ImageUtil - current complete addr is:D:\projectdev\image\upload\item\User\1\2019100516190051652.jpg
2019-10-05 17:35:26.919 [main] DEBUG com.Tkk.job.JobApplication - Running with Spring Boot v2.1.6.RELEASE, Spring v5.1.8.RELEASE
2019-10-05 17:35:44.023 [http-nio-8081-exec-1] DEBUG c.T.j.dao.LocalAuthDao.queryLocalByUserNameAndPwd - ==>  Preparing: SELECT l.local_auth_id, l.username, l.password, l.create_time, l.last_edit_time, l.user_type, l.enable_status, p.user_id, p.name, p.gender, p.email, p.profile_img, p.create_time, p.last_edit_time FROM tb_local_auth l LEFT JOIN tb_person_info p ON l.user_id = p.user_id WHERE l.username = ? AND l.password = ? AND l.user_type = ? 
2019-10-05 17:35:44.047 [http-nio-8081-exec-1] DEBUG c.T.j.dao.LocalAuthDao.queryLocalByUserNameAndPwd - ==> Parameters: lucky(String), 1020330(String), 0(Integer)
2019-10-05 17:35:44.165 [http-nio-8081-exec-1] DEBUG c.T.j.dao.LocalAuthDao.queryLocalByUserNameAndPwd - <==      Total: 1
2019-10-05 17:36:55.491 [main] DEBUG com.Tkk.job.JobApplication - Running with Spring Boot v2.1.6.RELEASE, Spring v5.1.8.RELEASE
2019-10-05 17:37:13.061 [http-nio-8081-exec-2] DEBUG c.T.j.dao.LocalAuthDao.queryLocalByUserNameAndPwd - ==>  Preparing: SELECT l.local_auth_id, l.username, l.password, l.create_time, l.last_edit_time, l.user_type, l.enable_status, p.user_id, p.name, p.gender, p.email, p.profile_img, p.create_time, p.last_edit_time FROM tb_local_auth l LEFT JOIN tb_person_info p ON l.user_id = p.user_id WHERE l.username = ? AND l.password = ? AND l.user_type = ? 
2019-10-05 17:37:13.081 [http-nio-8081-exec-2] DEBUG c.T.j.dao.LocalAuthDao.queryLocalByUserNameAndPwd - ==> Parameters: lucky(String), 1020330(String), 0(Integer)
2019-10-05 17:37:13.102 [http-nio-8081-exec-2] DEBUG c.T.j.dao.LocalAuthDao.queryLocalByUserNameAndPwd - <==      Total: 1
2019-10-05 18:14:14.526 [main] DEBUG com.Tkk.job.JobApplication - Running with Spring Boot v2.1.6.RELEASE, Spring v5.1.8.RELEASE
2019-10-05 18:14:28.368 [http-nio-8081-exec-2] DEBUG c.T.j.dao.LocalAuthDao.queryLocalByUserNameAndPwd - ==>  Preparing: SELECT l.local_auth_id, l.username, l.password, l.create_time, l.last_edit_time, l.user_type, l.enable_status, p.user_id, p.name, p.gender, p.email, p.profile_img, p.create_time, p.last_edit_time FROM tb_local_auth l LEFT JOIN tb_person_info p ON l.user_id = p.user_id WHERE l.username = ? AND l.password = ? AND l.user_type = ? 
2019-10-05 18:14:28.394 [http-nio-8081-exec-2] DEBUG c.T.j.dao.LocalAuthDao.queryLocalByUserNameAndPwd - ==> Parameters: lucky(String), 1020330(String), 0(Integer)
2019-10-05 18:14:28.414 [http-nio-8081-exec-2] DEBUG c.T.j.dao.LocalAuthDao.queryLocalByUserNameAndPwd - <==      Total: 1
2019-10-05 18:15:12.879 [main] DEBUG com.Tkk.job.JobApplication - Running with Spring Boot v2.1.6.RELEASE, Spring v5.1.8.RELEASE
2019-10-05 18:15:25.297 [http-nio-8081-exec-2] DEBUG c.T.j.dao.LocalAuthDao.queryLocalByUserNameAndPwd - ==>  Preparing: SELECT l.local_auth_id, l.username, l.password, l.create_time, l.last_edit_time, l.user_type, l.enable_status, p.user_id, p.name, p.gender, p.email, p.profile_img, p.create_time, p.last_edit_time FROM tb_local_auth l LEFT JOIN tb_person_info p ON l.user_id = p.user_id WHERE l.username = ? AND l.password = ? AND l.user_type = ? 
2019-10-05 18:15:25.319 [http-nio-8081-exec-2] DEBUG c.T.j.dao.LocalAuthDao.queryLocalByUserNameAndPwd - ==> Parameters: lucky(String), 1020330(String), 0(Integer)
2019-10-05 18:15:25.350 [http-nio-8081-exec-2] DEBUG c.T.j.dao.LocalAuthDao.queryLocalByUserNameAndPwd - <==      Total: 1
2019-10-05 18:16:54.319 [main] DEBUG com.Tkk.job.JobApplication - Running with Spring Boot v2.1.6.RELEASE, Spring v5.1.8.RELEASE
2019-10-05 18:17:00.636 [http-nio-8081-exec-2] DEBUG c.T.j.dao.LocalAuthDao.queryLocalByUserNameAndPwd - ==>  Preparing: SELECT l.local_auth_id, l.username, l.password, l.create_time, l.last_edit_time, l.user_type, l.enable_status, p.user_id, p.name, p.gender, p.email, p.profile_img, p.create_time, p.last_edit_time FROM tb_local_auth l LEFT JOIN tb_person_info p ON l.user_id = p.user_id WHERE l.username = ? AND l.password = ? AND l.user_type = ? 
2019-10-05 18:17:00.656 [http-nio-8081-exec-2] DEBUG c.T.j.dao.LocalAuthDao.queryLocalByUserNameAndPwd - ==> Parameters: lucky(String), 1020330(String), 0(Integer)
2019-10-05 18:17:00.680 [http-nio-8081-exec-2] DEBUG c.T.j.dao.LocalAuthDao.queryLocalByUserNameAndPwd - <==      Total: 1
2019-10-05 18:17:08.625 [main] DEBUG com.Tkk.job.JobApplication - Running with Spring Boot v2.1.6.RELEASE, Spring v5.1.8.RELEASE
2019-10-05 18:17:41.643 [main] DEBUG com.Tkk.job.JobApplication - Running with Spring Boot v2.1.6.RELEASE, Spring v5.1.8.RELEASE
2019-10-05 18:17:48.105 [http-nio-8081-exec-2] DEBUG c.T.j.dao.LocalAuthDao.queryLocalByUserNameAndPwd - ==>  Preparing: SELECT l.local_auth_id, l.username, l.password, l.create_time, l.last_edit_time, l.user_type, l.enable_status, p.user_id, p.name, p.gender, p.email, p.profile_img, p.create_time, p.last_edit_time FROM tb_local_auth l LEFT JOIN tb_person_info p ON l.user_id = p.user_id WHERE l.username = ? AND l.password = ? AND l.user_type = ? 
2019-10-05 18:17:48.128 [http-nio-8081-exec-2] DEBUG c.T.j.dao.LocalAuthDao.queryLocalByUserNameAndPwd - ==> Parameters: lucky(String), 1020330(String), 0(Integer)
2019-10-05 18:17:48.155 [http-nio-8081-exec-2] DEBUG c.T.j.dao.LocalAuthDao.queryLocalByUserNameAndPwd - <==      Total: 1
2019-10-05 18:24:44.908 [main] DEBUG com.Tkk.job.JobApplication - Running with Spring Boot v2.1.6.RELEASE, Spring v5.1.8.RELEASE
2019-10-05 18:24:56.043 [http-nio-8081-exec-1] DEBUG c.T.j.dao.LocalAuthDao.queryLocalByUserNameAndPwd - ==>  Preparing: SELECT l.local_auth_id, l.username, l.password, l.create_time, l.last_edit_time, l.user_type, l.enable_status, p.user_id, p.name, p.gender, p.email, p.profile_img, p.create_time, p.last_edit_time FROM tb_local_auth l LEFT JOIN tb_person_info p ON l.user_id = p.user_id WHERE l.username = ? AND l.password = ? AND l.user_type = ? 
2019-10-05 18:24:56.068 [http-nio-8081-exec-1] DEBUG c.T.j.dao.LocalAuthDao.queryLocalByUserNameAndPwd - ==> Parameters: lucky(String), 1020330(String), 0(Integer)
2019-10-05 18:24:56.095 [http-nio-8081-exec-1] DEBUG c.T.j.dao.LocalAuthDao.queryLocalByUserNameAndPwd - <==      Total: 1
2019-10-05 18:26:28.656 [main] DEBUG com.Tkk.job.JobApplication - Running with Spring Boot v2.1.6.RELEASE, Spring v5.1.8.RELEASE
2019-10-05 18:26:51.224 [http-nio-8081-exec-1] DEBUG c.T.j.dao.LocalAuthDao.queryLocalByUserNameAndPwd - ==>  Preparing: SELECT l.local_auth_id, l.username, l.password, l.create_time, l.last_edit_time, l.user_type, l.enable_status, p.user_id, p.name, p.gender, p.email, p.profile_img, p.create_time, p.last_edit_time FROM tb_local_auth l LEFT JOIN tb_person_info p ON l.user_id = p.user_id WHERE l.username = ? AND l.password = ? AND l.user_type = ? 
2019-10-05 18:26:51.248 [http-nio-8081-exec-1] DEBUG c.T.j.dao.LocalAuthDao.queryLocalByUserNameAndPwd - ==> Parameters: lucky(String), 1020330(String), 0(Integer)
2019-10-05 18:26:51.272 [http-nio-8081-exec-1] DEBUG c.T.j.dao.LocalAuthDao.queryLocalByUserNameAndPwd - <==      Total: 1
2019-10-05 18:45:40.199 [main] DEBUG com.Tkk.job.JobApplication - Running with Spring Boot v2.1.6.RELEASE, Spring v5.1.8.RELEASE
2019-10-05 18:45:52.310 [http-nio-8081-exec-2] DEBUG c.T.j.dao.LocalAuthDao.queryLocalByUserNameAndPwd - ==>  Preparing: SELECT l.local_auth_id, l.username, l.password, l.create_time, l.last_edit_time, l.user_type, l.enable_status, p.user_id, p.name, p.gender, p.email, p.profile_img, p.create_time, p.last_edit_time FROM tb_local_auth l LEFT JOIN tb_person_info p ON l.user_id = p.user_id WHERE l.username = ? AND l.password = ? AND l.user_type = ? 
2019-10-05 18:45:52.332 [http-nio-8081-exec-2] DEBUG c.T.j.dao.LocalAuthDao.queryLocalByUserNameAndPwd - ==> Parameters: lucky(String), 1020330(String), 0(Integer)
2019-10-05 18:45:52.355 [http-nio-8081-exec-2] DEBUG c.T.j.dao.LocalAuthDao.queryLocalByUserNameAndPwd - <==      Total: 1
2019-10-05 22:20:07.733 [main] DEBUG com.Tkk.job.JobApplication - Running with Spring Boot v2.1.6.RELEASE, Spring v5.1.8.RELEASE
2019-10-05 22:26:23.949 [main] DEBUG com.Tkk.job.JobApplication - Running with Spring Boot v2.1.6.RELEASE, Spring v5.1.8.RELEASE
2019-10-05 22:28:22.831 [main] DEBUG com.Tkk.job.JobApplication - Running with Spring Boot v2.1.6.RELEASE, Spring v5.1.8.RELEASE
2019-10-05 22:28:53.244 [main] DEBUG com.Tkk.job.JobApplication - Running with Spring Boot v2.1.6.RELEASE, Spring v5.1.8.RELEASE
2019-10-05 22:41:07.742 [main] DEBUG com.Tkk.job.JobApplication - Running with Spring Boot v2.1.6.RELEASE, Spring v5.1.8.RELEASE
2019-10-05 22:54:11.297 [main] DEBUG com.Tkk.job.JobApplication - Running with Spring Boot v2.1.6.RELEASE, Spring v5.1.8.RELEASE
2019-10-05 22:57:23.235 [main] DEBUG com.Tkk.job.JobApplication - Running with Spring Boot v2.1.6.RELEASE, Spring v5.1.8.RELEASE
2019-10-05 23:05:31.846 [main] DEBUG com.Tkk.job.JobApplication - Running with Spring Boot v2.1.6.RELEASE, Spring v5.1.8.RELEASE
2019-10-05 23:05:38.726 [http-nio-8081-exec-1] DEBUG c.T.j.dao.LocalAuthDao.queryLocalByUserNameAndPwd - ==>  Preparing: SELECT l.local_auth_id, l.username, l.password, l.create_time, l.last_edit_time, l.user_type, l.enable_status, p.user_id, p.name, p.gender, p.email, p.profile_img, p.create_time, p.last_edit_time FROM tb_local_auth l LEFT JOIN tb_person_info p ON l.user_id = p.user_id WHERE l.username = ? AND l.password = ? AND l.user_type = ? 
2019-10-05 23:05:38.749 [http-nio-8081-exec-1] DEBUG c.T.j.dao.LocalAuthDao.queryLocalByUserNameAndPwd - ==> Parameters: lucky(String), 1020330(String), 0(Integer)
2019-10-05 23:05:38.774 [http-nio-8081-exec-1] DEBUG c.T.j.dao.LocalAuthDao.queryLocalByUserNameAndPwd - <==      Total: 1
2019-10-05 23:05:45.383 [http-nio-8081-exec-3] DEBUG c.T.j.dao.LocalAuthDao.queryLocalByUserNameAndPwd - ==>  Preparing: SELECT l.local_auth_id, l.username, l.password, l.create_time, l.last_edit_time, l.user_type, l.enable_status, p.user_id, p.name, p.gender, p.email, p.profile_img, p.create_time, p.last_edit_time FROM tb_local_auth l LEFT JOIN tb_person_info p ON l.user_id = p.user_id WHERE l.username = ? AND l.password = ? AND l.user_type = ? 
2019-10-05 23:05:45.483 [http-nio-8081-exec-3] DEBUG c.T.j.dao.LocalAuthDao.queryLocalByUserNameAndPwd - ==> Parameters: lucky(String), 102033(String), 0(Integer)
2019-10-05 23:05:45.484 [http-nio-8081-exec-3] DEBUG c.T.j.dao.LocalAuthDao.queryLocalByUserNameAndPwd - <==      Total: 0
2019-10-05 23:05:49.633 [http-nio-8081-exec-4] DEBUG c.T.j.dao.LocalAuthDao.queryLocalByUserNameAndPwd - ==>  Preparing: SELECT l.local_auth_id, l.username, l.password, l.create_time, l.last_edit_time, l.user_type, l.enable_status, p.user_id, p.name, p.gender, p.email, p.profile_img, p.create_time, p.last_edit_time FROM tb_local_auth l LEFT JOIN tb_person_info p ON l.user_id = p.user_id WHERE l.username = ? AND l.password = ? AND l.user_type = ? 
2019-10-05 23:05:49.633 [http-nio-8081-exec-4] DEBUG c.T.j.dao.LocalAuthDao.queryLocalByUserNameAndPwd - ==> Parameters: lucky(String), 1020330(String), 0(Integer)
2019-10-05 23:05:49.636 [http-nio-8081-exec-4] DEBUG c.T.j.dao.LocalAuthDao.queryLocalByUserNameAndPwd - <==      Total: 1
2019-10-05 23:07:45.242 [main] DEBUG com.Tkk.job.JobApplication - Running with Spring Boot v2.1.6.RELEASE, Spring v5.1.8.RELEASE
2019-10-05 23:10:40.784 [main] DEBUG com.Tkk.job.JobApplication - Running with Spring Boot v2.1.6.RELEASE, Spring v5.1.8.RELEASE
2019-10-05 23:18:45.731 [main] DEBUG com.Tkk.job.JobApplication - Running with Spring Boot v2.1.6.RELEASE, Spring v5.1.8.RELEASE
2019-10-05 23:20:13.900 [main] DEBUG com.Tkk.job.JobApplication - Running with Spring Boot v2.1.6.RELEASE, Spring v5.1.8.RELEASE
2019-10-05 23:20:23.875 [http-nio-8081-exec-2] DEBUG c.T.j.dao.LocalAuthDao.queryLocalByUserNameAndPwd - ==>  Preparing: SELECT l.local_auth_id, l.username, l.password, l.create_time, l.last_edit_time, l.user_type, l.enable_status, p.user_id, p.name, p.gender, p.email, p.profile_img, p.create_time, p.last_edit_time FROM tb_local_auth l LEFT JOIN tb_person_info p ON l.user_id = p.user_id WHERE l.username = ? AND l.password = ? AND l.user_type = ? 
2019-10-05 23:20:23.896 [http-nio-8081-exec-2] DEBUG c.T.j.dao.LocalAuthDao.queryLocalByUserNameAndPwd - ==> Parameters: lucky(String), 1020330(String), 0(Integer)
2019-10-05 23:20:23.917 [http-nio-8081-exec-2] DEBUG c.T.j.dao.LocalAuthDao.queryLocalByUserNameAndPwd - <==      Total: 1
2019-10-05 23:20:55.159 [http-nio-8081-exec-3] DEBUG c.T.j.dao.LocalAuthDao.queryLocalByUserNameAndPwd - ==>  Preparing: SELECT l.local_auth_id, l.username, l.password, l.create_time, l.last_edit_time, l.user_type, l.enable_status, p.user_id, p.name, p.gender, p.email, p.profile_img, p.create_time, p.last_edit_time FROM tb_local_auth l LEFT JOIN tb_person_info p ON l.user_id = p.user_id WHERE l.username = ? AND l.password = ? AND l.user_type = ? 
2019-10-05 23:20:55.160 [http-nio-8081-exec-3] DEBUG c.T.j.dao.LocalAuthDao.queryLocalByUserNameAndPwd - ==> Parameters: lucky(String), 102033(String), 0(Integer)
2019-10-05 23:20:55.162 [http-nio-8081-exec-3] DEBUG c.T.j.dao.LocalAuthDao.queryLocalByUserNameAndPwd - <==      Total: 0
2019-10-05 23:21:01.239 [http-nio-8081-exec-5] DEBUG c.T.j.dao.LocalAuthDao.queryLocalByUserNameAndPwd - ==>  Preparing: SELECT l.local_auth_id, l.username, l.password, l.create_time, l.last_edit_time, l.user_type, l.enable_status, p.user_id, p.name, p.gender, p.email, p.profile_img, p.create_time, p.last_edit_time FROM tb_local_auth l LEFT JOIN tb_person_info p ON l.user_id = p.user_id WHERE l.username = ? AND l.password = ? AND l.user_type = ? 
2019-10-05 23:21:01.240 [http-nio-8081-exec-5] DEBUG c.T.j.dao.LocalAuthDao.queryLocalByUserNameAndPwd - ==> Parameters: lucky(String), (String), 0(Integer)
2019-10-05 23:21:01.241 [http-nio-8081-exec-5] DEBUG c.T.j.dao.LocalAuthDao.queryLocalByUserNameAndPwd - <==      Total: 0
2019-10-05 23:21:09.519 [http-nio-8081-exec-7] DEBUG c.T.j.dao.LocalAuthDao.queryLocalByUserNameAndPwd - ==>  Preparing: SELECT l.local_auth_id, l.username, l.password, l.create_time, l.last_edit_time, l.user_type, l.enable_status, p.user_id, p.name, p.gender, p.email, p.profile_img, p.create_time, p.last_edit_time FROM tb_local_auth l LEFT JOIN tb_person_info p ON l.user_id = p.user_id WHERE l.username = ? AND l.password = ? AND l.user_type = ? 
2019-10-05 23:21:09.519 [http-nio-8081-exec-7] DEBUG c.T.j.dao.LocalAuthDao.queryLocalByUserNameAndPwd - ==> Parameters: lucky(String), 1020330(String), 0(Integer)
2019-10-05 23:21:09.522 [http-nio-8081-exec-7] DEBUG c.T.j.dao.LocalAuthDao.queryLocalByUserNameAndPwd - <==      Total: 1
2019-10-05 23:25:54.479 [main] DEBUG com.Tkk.job.JobApplication - Running with Spring Boot v2.1.6.RELEASE, Spring v5.1.8.RELEASE
2019-10-05 23:28:41.199 [main] DEBUG com.Tkk.job.JobApplication - Running with Spring Boot v2.1.6.RELEASE, Spring v5.1.8.RELEASE
2019-10-05 23:30:34.733 [main] DEBUG com.Tkk.job.JobApplication - Running with Spring Boot v2.1.6.RELEASE, Spring v5.1.8.RELEASE
2019-10-05 23:39:07.421 [http-nio-8081-exec-3] DEBUG c.T.j.dao.LocalAuthDao.queryLocalByUserNameAndPwd - ==>  Preparing: SELECT l.local_auth_id, l.username, l.password, l.create_time, l.last_edit_time, l.user_type, l.enable_status, p.user_id, p.name, p.gender, p.email, p.profile_img, p.create_time, p.last_edit_time FROM tb_local_auth l LEFT JOIN tb_person_info p ON l.user_id = p.user_id WHERE l.username = ? AND l.password = ? AND l.user_type = ? 
2019-10-05 23:39:07.451 [http-nio-8081-exec-3] DEBUG c.T.j.dao.LocalAuthDao.queryLocalByUserNameAndPwd - ==> Parameters: lucky(String), 1020330(String), 0(Integer)
2019-10-05 23:39:07.480 [http-nio-8081-exec-3] DEBUG c.T.j.dao.LocalAuthDao.queryLocalByUserNameAndPwd - <==      Total: 1
2019-10-05 23:39:15.966 [http-nio-8081-exec-4] DEBUG c.T.j.dao.LocalAuthDao.queryLocalByUserNameAndPwd - ==>  Preparing: SELECT l.local_auth_id, l.username, l.password, l.create_time, l.last_edit_time, l.user_type, l.enable_status, p.user_id, p.name, p.gender, p.email, p.profile_img, p.create_time, p.last_edit_time FROM tb_local_auth l LEFT JOIN tb_person_info p ON l.user_id = p.user_id WHERE l.username = ? AND l.password = ? AND l.user_type = ? 
2019-10-05 23:39:15.967 [http-nio-8081-exec-4] DEBUG c.T.j.dao.LocalAuthDao.queryLocalByUserNameAndPwd - ==> Parameters: lucky(String), 1020330(String), 0(Integer)
2019-10-05 23:39:15.970 [http-nio-8081-exec-4] DEBUG c.T.j.dao.LocalAuthDao.queryLocalByUserNameAndPwd - <==      Total: 1
2019-10-05 23:45:16.487 [http-nio-8081-exec-6] DEBUG c.T.j.dao.LocalAuthDao.queryLocalByUserNameAndPwd - ==>  Preparing: SELECT l.local_auth_id, l.username, l.password, l.create_time, l.last_edit_time, l.user_type, l.enable_status, p.user_id, p.name, p.gender, p.email, p.profile_img, p.create_time, p.last_edit_time FROM tb_local_auth l LEFT JOIN tb_person_info p ON l.user_id = p.user_id WHERE l.username = ? AND l.password = ? AND l.user_type = ? 
2019-10-05 23:45:16.496 [http-nio-8081-exec-6] DEBUG c.T.j.dao.LocalAuthDao.queryLocalByUserNameAndPwd - ==> Parameters: lucky(String), 1020330(String), 0(Integer)
2019-10-05 23:45:16.518 [http-nio-8081-exec-6] DEBUG c.T.j.dao.LocalAuthDao.queryLocalByUserNameAndPwd - <==      Total: 1
2019-10-05 23:45:22.346 [http-nio-8081-exec-8] DEBUG c.T.j.dao.LocalAuthDao.queryLocalByUserNameAndPwd - ==>  Preparing: SELECT l.local_auth_id, l.username, l.password, l.create_time, l.last_edit_time, l.user_type, l.enable_status, p.user_id, p.name, p.gender, p.email, p.profile_img, p.create_time, p.last_edit_time FROM tb_local_auth l LEFT JOIN tb_person_info p ON l.user_id = p.user_id WHERE l.username = ? AND l.password = ? AND l.user_type = ? 
2019-10-05 23:45:22.347 [http-nio-8081-exec-8] DEBUG c.T.j.dao.LocalAuthDao.queryLocalByUserNameAndPwd - ==> Parameters: lucky(String), 102033(String), 0(Integer)
2019-10-05 23:45:22.348 [http-nio-8081-exec-8] DEBUG c.T.j.dao.LocalAuthDao.queryLocalByUserNameAndPwd - <==      Total: 0
2019-10-05 23:46:55.800 [http-nio-8081-exec-7] DEBUG c.T.j.dao.LocalAuthDao.queryLocalByUserNameAndPwd - ==>  Preparing: SELECT l.local_auth_id, l.username, l.password, l.create_time, l.last_edit_time, l.user_type, l.enable_status, p.user_id, p.name, p.gender, p.email, p.profile_img, p.create_time, p.last_edit_time FROM tb_local_auth l LEFT JOIN tb_person_info p ON l.user_id = p.user_id WHERE l.username = ? AND l.password = ? AND l.user_type = ? 
2019-10-05 23:46:55.800 [http-nio-8081-exec-7] DEBUG c.T.j.dao.LocalAuthDao.queryLocalByUserNameAndPwd - ==> Parameters: lucky(String), 1020330(String), 0(Integer)
2019-10-05 23:46:55.804 [http-nio-8081-exec-7] DEBUG c.T.j.dao.LocalAuthDao.queryLocalByUserNameAndPwd - <==      Total: 1
2019-10-05 23:47:00.527 [http-nio-8081-exec-10] DEBUG c.T.j.dao.LocalAuthDao.queryLocalByUserNameAndPwd - ==>  Preparing: SELECT l.local_auth_id, l.username, l.password, l.create_time, l.last_edit_time, l.user_type, l.enable_status, p.user_id, p.name, p.gender, p.email, p.profile_img, p.create_time, p.last_edit_time FROM tb_local_auth l LEFT JOIN tb_person_info p ON l.user_id = p.user_id WHERE l.username = ? AND l.password = ? AND l.user_type = ? 
2019-10-05 23:47:00.528 [http-nio-8081-exec-10] DEBUG c.T.j.dao.LocalAuthDao.queryLocalByUserNameAndPwd - ==> Parameters: lucky(String), 102033(String), 0(Integer)
2019-10-05 23:47:00.529 [http-nio-8081-exec-10] DEBUG c.T.j.dao.LocalAuthDao.queryLocalByUserNameAndPwd - <==      Total: 0
2019-10-06 11:56:28.741 [main] DEBUG com.Tkk.job.JobApplication - Running with Spring Boot v2.1.6.RELEASE, Spring v5.1.8.RELEASE
2019-10-06 12:11:25.026 [http-nio-8081-exec-7] DEBUG c.T.j.dao.LocalAuthDao.queryLocalByUserNameAndPwd - ==>  Preparing: SELECT l.local_auth_id, l.username, l.password, l.create_time, l.last_edit_time, l.user_type, l.enable_status, p.user_id, p.name, p.gender, p.email, p.profile_img, p.create_time, p.last_edit_time FROM tb_local_auth l LEFT JOIN tb_person_info p ON l.user_id = p.user_id WHERE l.username = ? AND l.password = ? AND l.user_type = ? 
2019-10-06 12:11:25.067 [http-nio-8081-exec-7] DEBUG c.T.j.dao.LocalAuthDao.queryLocalByUserNameAndPwd - ==> Parameters: 大大大大大(String), aaaaa(String), 0(Integer)
2019-10-06 12:11:25.683 [http-nio-8081-exec-7] DEBUG c.T.j.dao.LocalAuthDao.queryLocalByUserNameAndPwd - <==      Total: 0
2019-10-06 12:11:40.275 [http-nio-8081-exec-8] DEBUG c.T.j.dao.LocalAuthDao.queryLocalByUserNameAndPwd - ==>  Preparing: SELECT l.local_auth_id, l.username, l.password, l.create_time, l.last_edit_time, l.user_type, l.enable_status, p.user_id, p.name, p.gender, p.email, p.profile_img, p.create_time, p.last_edit_time FROM tb_local_auth l LEFT JOIN tb_person_info p ON l.user_id = p.user_id WHERE l.username = ? AND l.password = ? AND l.user_type = ? 
2019-10-06 12:11:40.276 [http-nio-8081-exec-8] DEBUG c.T.j.dao.LocalAuthDao.queryLocalByUserNameAndPwd - ==> Parameters: lucky(String), 1020330(String), 0(Integer)
2019-10-06 12:11:40.387 [http-nio-8081-exec-8] DEBUG c.T.j.dao.LocalAuthDao.queryLocalByUserNameAndPwd - <==      Total: 1
2019-10-06 12:28:48.550 [http-nio-8081-exec-4] DEBUG c.T.j.dao.LocalAuthDao.queryLocalByUserNameAndPwd - ==>  Preparing: SELECT l.local_auth_id, l.username, l.password, l.create_time, l.last_edit_time, l.user_type, l.enable_status, p.user_id, p.name, p.gender, p.email, p.profile_img, p.create_time, p.last_edit_time FROM tb_local_auth l LEFT JOIN tb_person_info p ON l.user_id = p.user_id WHERE l.username = ? AND l.password = ? AND l.user_type = ? 
2019-10-06 12:28:48.550 [http-nio-8081-exec-4] DEBUG c.T.j.dao.LocalAuthDao.queryLocalByUserNameAndPwd - ==> Parameters: lucky(String), 1020330(String), 0(Integer)
2019-10-06 12:28:48.553 [http-nio-8081-exec-4] DEBUG c.T.j.dao.LocalAuthDao.queryLocalByUserNameAndPwd - <==      Total: 1
2019-10-06 14:29:41.626 [http-nio-8081-exec-8] DEBUG c.T.j.dao.LocalAuthDao.queryLocalByUserNameAndPwd - ==>  Preparing: SELECT l.local_auth_id, l.username, l.password, l.create_time, l.last_edit_time, l.user_type, l.enable_status, p.user_id, p.name, p.gender, p.email, p.profile_img, p.create_time, p.last_edit_time FROM tb_local_auth l LEFT JOIN tb_person_info p ON l.user_id = p.user_id WHERE l.username = ? AND l.password = ? AND l.user_type = ? 
2019-10-06 14:29:41.738 [http-nio-8081-exec-8] DEBUG c.T.j.dao.LocalAuthDao.queryLocalByUserNameAndPwd - ==> Parameters: lucky(String), 1020330(String), 0(Integer)
2019-10-06 14:29:41.760 [http-nio-8081-exec-8] DEBUG c.T.j.dao.LocalAuthDao.queryLocalByUserNameAndPwd - <==      Total: 1
2019-10-06 14:29:46.843 [http-nio-8081-exec-9] DEBUG c.T.j.dao.LocalAuthDao.queryLocalByUserNameAndPwd - ==>  Preparing: SELECT l.local_auth_id, l.username, l.password, l.create_time, l.last_edit_time, l.user_type, l.enable_status, p.user_id, p.name, p.gender, p.email, p.profile_img, p.create_time, p.last_edit_time FROM tb_local_auth l LEFT JOIN tb_person_info p ON l.user_id = p.user_id WHERE l.username = ? AND l.password = ? AND l.user_type = ? 
2019-10-06 14:29:46.844 [http-nio-8081-exec-9] DEBUG c.T.j.dao.LocalAuthDao.queryLocalByUserNameAndPwd - ==> Parameters: lucky(String), 102033(String), 0(Integer)
2019-10-06 14:29:46.846 [http-nio-8081-exec-9] DEBUG c.T.j.dao.LocalAuthDao.queryLocalByUserNameAndPwd - <==      Total: 0
2019-10-06 15:38:49.055 [http-nio-8081-exec-4] DEBUG c.T.j.dao.LocalAuthDao.queryLocalByUserNameAndPwd - ==>  Preparing: SELECT l.local_auth_id, l.username, l.password, l.create_time, l.last_edit_time, l.user_type, l.enable_status, p.user_id, p.name, p.gender, p.email, p.profile_img, p.create_time, p.last_edit_time FROM tb_local_auth l LEFT JOIN tb_person_info p ON l.user_id = p.user_id WHERE l.username = ? AND l.password = ? AND l.user_type = ? 
2019-10-06 15:38:49.061 [http-nio-8081-exec-4] DEBUG c.T.j.dao.LocalAuthDao.queryLocalByUserNameAndPwd - ==> Parameters: (String), (String), 1(Integer)
2019-10-06 15:38:49.075 [http-nio-8081-exec-4] DEBUG c.T.j.dao.LocalAuthDao.queryLocalByUserNameAndPwd - <==      Total: 0
2019-10-06 15:38:56.928 [http-nio-8081-exec-3] DEBUG c.T.j.dao.LocalAuthDao.queryLocalByUserNameAndPwd - ==>  Preparing: SELECT l.local_auth_id, l.username, l.password, l.create_time, l.last_edit_time, l.user_type, l.enable_status, p.user_id, p.name, p.gender, p.email, p.profile_img, p.create_time, p.last_edit_time FROM tb_local_auth l LEFT JOIN tb_person_info p ON l.user_id = p.user_id WHERE l.username = ? AND l.password = ? AND l.user_type = ? 
2019-10-06 15:38:56.928 [http-nio-8081-exec-3] DEBUG c.T.j.dao.LocalAuthDao.queryLocalByUserNameAndPwd - ==> Parameters: (String), (String), 1(Integer)
2019-10-06 15:38:56.931 [http-nio-8081-exec-3] DEBUG c.T.j.dao.LocalAuthDao.queryLocalByUserNameAndPwd - <==      Total: 0
2019-10-06 15:42:11.310 [http-nio-8081-exec-1] DEBUG c.T.j.dao.LocalAuthDao.queryLocalByUserNameAndPwd - ==>  Preparing: SELECT l.local_auth_id, l.username, l.password, l.create_time, l.last_edit_time, l.user_type, l.enable_status, p.user_id, p.name, p.gender, p.email, p.profile_img, p.create_time, p.last_edit_time FROM tb_local_auth l LEFT JOIN tb_person_info p ON l.user_id = p.user_id WHERE l.username = ? AND l.password = ? AND l.user_type = ? 
2019-10-06 15:42:11.315 [http-nio-8081-exec-1] DEBUG c.T.j.dao.LocalAuthDao.queryLocalByUserNameAndPwd - ==> Parameters: lucky(String), 1020330(String), 0(Integer)
2019-10-06 15:42:11.321 [http-nio-8081-exec-1] DEBUG c.T.j.dao.LocalAuthDao.queryLocalByUserNameAndPwd - <==      Total: 1
2019-10-06 15:47:21.379 [main] DEBUG com.Tkk.job.JobApplication - Running with Spring Boot v2.1.6.RELEASE, Spring v5.1.8.RELEASE
2019-10-06 15:48:43.814 [main] DEBUG com.Tkk.job.JobApplication - Running with Spring Boot v2.1.6.RELEASE, Spring v5.1.8.RELEASE
2019-10-06 15:49:34.484 [http-nio-8081-exec-3] DEBUG c.T.j.dao.LocalAuthDao.queryLocalByUserNameAndPwd - ==>  Preparing: SELECT l.local_auth_id, l.username, l.password, l.create_time, l.last_edit_time, l.user_type, l.enable_status, p.user_id, p.name, p.gender, p.email, p.profile_img, p.create_time, p.last_edit_time FROM tb_local_auth l LEFT JOIN tb_person_info p ON l.user_id = p.user_id WHERE l.username = ? AND l.password = ? AND l.user_type = ? 
2019-10-06 15:49:34.514 [http-nio-8081-exec-3] DEBUG c.T.j.dao.LocalAuthDao.queryLocalByUserNameAndPwd - ==> Parameters: lucky(String), 1020330(String), 0(Integer)
2019-10-06 15:49:34.539 [http-nio-8081-exec-3] DEBUG c.T.j.dao.LocalAuthDao.queryLocalByUserNameAndPwd - <==      Total: 1
2019-10-06 16:00:46.020 [http-nio-8081-exec-6] DEBUG c.T.j.dao.LocalAuthDao.queryLocalByUserNameAndPwd - ==>  Preparing: SELECT l.local_auth_id, l.username, l.password, l.create_time, l.last_edit_time, l.user_type, l.enable_status, p.user_id, p.name, p.gender, p.email, p.profile_img, p.create_time, p.last_edit_time FROM tb_local_auth l LEFT JOIN tb_person_info p ON l.user_id = p.user_id WHERE l.username = ? AND l.password = ? AND l.user_type = ? 
2019-10-06 16:00:46.021 [http-nio-8081-exec-6] DEBUG c.T.j.dao.LocalAuthDao.queryLocalByUserNameAndPwd - ==> Parameters: lucky(String), 1020330(String), 0(Integer)
2019-10-06 16:00:46.023 [http-nio-8081-exec-6] DEBUG c.T.j.dao.LocalAuthDao.queryLocalByUserNameAndPwd - <==      Total: 1
2019-10-06 17:23:07.735 [main] DEBUG com.Tkk.job.JobApplication - Running with Spring Boot v2.1.6.RELEASE, Spring v5.1.8.RELEASE
2019-10-06 17:23:28.120 [http-nio-8081-exec-3] DEBUG c.T.j.dao.LocalAuthDao.queryLocalByUserNameAndPwd - ==>  Preparing: SELECT l.local_auth_id, l.username, l.password, l.create_time, l.last_edit_time, l.user_type, l.enable_status, p.user_id, p.name, p.gender, p.email, p.profile_img, p.create_time, p.last_edit_time FROM tb_local_auth l LEFT JOIN tb_person_info p ON l.user_id = p.user_id WHERE l.username = ? AND l.password = ? AND l.user_type = ? 
2019-10-06 17:23:28.142 [http-nio-8081-exec-3] DEBUG c.T.j.dao.LocalAuthDao.queryLocalByUserNameAndPwd - ==> Parameters: lucky(String), 1020330(String), 0(Integer)
2019-10-06 17:23:28.171 [http-nio-8081-exec-3] DEBUG c.T.j.dao.LocalAuthDao.queryLocalByUserNameAndPwd - <==      Total: 1
2019-10-06 18:29:20.835 [http-nio-8081-exec-4] DEBUG c.T.j.dao.LocalAuthDao.queryLocalByUserNameAndPwd - ==>  Preparing: SELECT l.local_auth_id, l.username, l.password, l.create_time, l.last_edit_time, l.user_type, l.enable_status, p.user_id, p.name, p.gender, p.email, p.profile_img, p.create_time, p.last_edit_time FROM tb_local_auth l LEFT JOIN tb_person_info p ON l.user_id = p.user_id WHERE l.username = ? AND l.password = ? AND l.user_type = ? 
2019-10-06 18:29:20.842 [http-nio-8081-exec-4] DEBUG c.T.j.dao.LocalAuthDao.queryLocalByUserNameAndPwd - ==> Parameters: lucky(String), 1020330(String), 0(Integer)
2019-10-06 18:29:20.851 [http-nio-8081-exec-4] DEBUG c.T.j.dao.LocalAuthDao.queryLocalByUserNameAndPwd - <==      Total: 1
2019-10-06 20:06:27.630 [main] DEBUG com.Tkk.job.dao.LocalAuthDaoTest - Running with Spring Boot v2.1.6.RELEASE, Spring v5.1.8.RELEASE
2019-10-06 20:06:32.437 [main] DEBUG com.Tkk.job.dao.LocalAuthDao.isUserNameExist - ==>  Preparing: SELECT local_auth_id, username, password, create_time, last_edit_time, enable_status, user_type FROM tb_local_auth WHERE l.username = ? 
2019-10-06 20:06:32.474 [main] DEBUG com.Tkk.job.dao.LocalAuthDao.isUserNameExist - ==> Parameters: luck(String)
2019-10-06 20:07:00.638 [main] DEBUG com.Tkk.job.dao.LocalAuthDaoTest - Running with Spring Boot v2.1.6.RELEASE, Spring v5.1.8.RELEASE
2019-10-06 20:07:04.940 [main] DEBUG com.Tkk.job.dao.LocalAuthDao.isUserNameExist - ==>  Preparing: SELECT local_auth_id, username, password, create_time, last_edit_time, enable_status, user_type FROM tb_local_auth WHERE username = ? 
2019-10-06 20:07:04.973 [main] DEBUG com.Tkk.job.dao.LocalAuthDao.isUserNameExist - ==> Parameters: luck(String)
2019-10-06 20:07:05.001 [main] DEBUG com.Tkk.job.dao.LocalAuthDao.isUserNameExist - <==      Total: 0
2019-10-06 20:07:27.627 [main] DEBUG com.Tkk.job.dao.LocalAuthDaoTest - Running with Spring Boot v2.1.6.RELEASE, Spring v5.1.8.RELEASE
2019-10-06 20:07:31.937 [main] DEBUG com.Tkk.job.dao.LocalAuthDao.isUserNameExist - ==>  Preparing: SELECT local_auth_id, username, password, create_time, last_edit_time, enable_status, user_type FROM tb_local_auth WHERE username = ? 
2019-10-06 20:07:31.970 [main] DEBUG com.Tkk.job.dao.LocalAuthDao.isUserNameExist - ==> Parameters: lucky(String)
2019-10-06 20:07:32.009 [main] DEBUG com.Tkk.job.dao.LocalAuthDao.isUserNameExist - <==      Total: 1
2019-10-06 20:54:50.578 [main] DEBUG com.Tkk.job.JobApplication - Running with Spring Boot v2.1.6.RELEASE, Spring v5.1.8.RELEASE
2019-10-06 20:56:18.336 [main] DEBUG com.Tkk.job.JobApplication - Running with Spring Boot v2.1.6.RELEASE, Spring v5.1.8.RELEASE
2019-10-06 20:57:26.797 [main] DEBUG com.Tkk.job.JobApplication - Running with Spring Boot v2.1.6.RELEASE, Spring v5.1.8.RELEASE
2019-10-06 20:57:48.725 [main] DEBUG com.Tkk.job.JobApplication - Running with Spring Boot v2.1.6.RELEASE, Spring v5.1.8.RELEASE
