2019-10-05 14:31:12.959 [main] INFO  com.Tkk.job.dao.PersonInfoDaoTest - Starting PersonInfoDaoTest on LAPTOP-7JCNLPN9 with PID 7092 (started by Vickey in G:\muke\newWorkplace\Job)
2019-10-05 14:31:12.968 [main] INFO  com.Tkk.job.dao.PersonInfoDaoTest - No active profile set, falling back to default profiles: default
2019-10-05 14:31:17.235 [main] INFO  com.Tkk.job.dao.PersonInfoDaoTest - Started PersonInfoDaoTest in 4.566 seconds (JVM running for 6.464)
2019-10-05 16:16:34.409 [main] INFO  com.Tkk.job.JobApplication - Starting JobApplication on LAPTOP-7JCNLPN9 with PID 1004 (G:\muke\newWorkplace\Job\target\classes started by Vickey in G:\muke\newWorkplace\Job)
2019-10-05 16:16:34.413 [main] INFO  com.Tkk.job.JobApplication - No active profile set, falling back to default profiles: default
2019-10-05 16:16:37.224 [main] INFO  com.Tkk.job.JobApplication - Started JobApplication in 3.159 seconds (JVM running for 4.258)
2019-10-05 17:35:26.917 [main] INFO  com.Tkk.job.JobApplication - Starting JobApplication on LAPTOP-7JCNLPN9 with PID 13900 (G:\muke\newWorkplace\Job\target\classes started by Vickey in G:\muke\newWorkplace\Job)
2019-10-05 17:35:26.919 [main] INFO  com.Tkk.job.JobApplication - No active profile set, falling back to default profiles: default
2019-10-05 17:35:29.483 [main] INFO  com.Tkk.job.JobApplication - Started JobApplication in 2.901 seconds (JVM running for 3.727)
2019-10-05 17:36:55.488 [main] INFO  com.Tkk.job.JobApplication - Starting JobApplication on LAPTOP-7JCNLPN9 with PID 3064 (G:\muke\newWorkplace\Job\target\classes started by Vickey in G:\muke\newWorkplace\Job)
2019-10-05 17:36:55.492 [main] INFO  com.Tkk.job.JobApplication - No active profile set, falling back to default profiles: default
2019-10-05 17:36:58.018 [main] INFO  com.Tkk.job.JobApplication - Started JobApplication in 2.922 seconds (JVM running for 3.753)
2019-10-05 18:14:14.524 [main] INFO  com.Tkk.job.JobApplication - Starting JobApplication on LAPTOP-7JCNLPN9 with PID 15368 (G:\muke\newWorkplace\Job\target\classes started by Vickey in G:\muke\newWorkplace\Job)
2019-10-05 18:14:14.527 [main] INFO  com.Tkk.job.JobApplication - No active profile set, falling back to default profiles: default
2019-10-05 18:14:17.062 [main] INFO  com.Tkk.job.JobApplication - Started JobApplication in 2.886 seconds (JVM running for 3.715)
2019-10-05 18:15:12.875 [main] INFO  com.Tkk.job.JobApplication - Starting JobApplication on LAPTOP-7JCNLPN9 with PID 9196 (G:\muke\newWorkplace\Job\target\classes started by Vickey in G:\muke\newWorkplace\Job)
2019-10-05 18:15:12.879 [main] INFO  com.Tkk.job.JobApplication - No active profile set, falling back to default profiles: default
2019-10-05 18:15:15.606 [main] INFO  com.Tkk.job.JobApplication - Started JobApplication in 3.186 seconds (JVM running for 5.122)
2019-10-05 18:16:54.316 [main] INFO  com.Tkk.job.JobApplication - Starting JobApplication on LAPTOP-7JCNLPN9 with PID 15124 (G:\muke\newWorkplace\Job\target\classes started by Vickey in G:\muke\newWorkplace\Job)
2019-10-05 18:16:54.320 [main] INFO  com.Tkk.job.JobApplication - No active profile set, falling back to default profiles: default
2019-10-05 18:16:56.819 [main] INFO  com.Tkk.job.JobApplication - Started JobApplication in 2.897 seconds (JVM running for 3.748)
2019-10-05 18:17:08.620 [main] INFO  com.Tkk.job.JobApplication - Starting JobApplication on LAPTOP-7JCNLPN9 with PID 11620 (G:\muke\newWorkplace\Job\target\classes started by Vickey in G:\muke\newWorkplace\Job)
2019-10-05 18:17:08.626 [main] INFO  com.Tkk.job.JobApplication - No active profile set, falling back to default profiles: default
2019-10-05 18:17:11.509 [main] INFO  com.Tkk.job.JobApplication - Started JobApplication in 3.338 seconds (JVM running for 4.508)
2019-10-05 18:17:41.638 [main] INFO  com.Tkk.job.JobApplication - Starting JobApplication on LAPTOP-7JCNLPN9 with PID 1964 (G:\muke\newWorkplace\Job\target\classes started by Vickey in G:\muke\newWorkplace\Job)
2019-10-05 18:17:41.644 [main] INFO  com.Tkk.job.JobApplication - No active profile set, falling back to default profiles: default
2019-10-05 18:17:44.580 [main] INFO  com.Tkk.job.JobApplication - Started JobApplication in 3.407 seconds (JVM running for 4.664)
2019-10-05 18:24:44.904 [main] INFO  com.Tkk.job.JobApplication - Starting JobApplication on LAPTOP-7JCNLPN9 with PID 16512 (G:\muke\newWorkplace\Job\target\classes started by Vickey in G:\muke\newWorkplace\Job)
2019-10-05 18:24:44.909 [main] INFO  com.Tkk.job.JobApplication - No active profile set, falling back to default profiles: default
2019-10-05 18:24:47.986 [main] INFO  com.Tkk.job.JobApplication - Started JobApplication in 3.59 seconds (JVM running for 4.796)
2019-10-05 18:26:28.651 [main] INFO  com.Tkk.job.JobApplication - Starting JobApplication on LAPTOP-7JCNLPN9 with PID 6180 (G:\muke\newWorkplace\Job\target\classes started by Vickey in G:\muke\newWorkplace\Job)
2019-10-05 18:26:28.656 [main] INFO  com.Tkk.job.JobApplication - No active profile set, falling back to default profiles: default
2019-10-05 18:26:31.736 [main] INFO  com.Tkk.job.JobApplication - Started JobApplication in 3.607 seconds (JVM running for 4.775)
2019-10-05 18:45:40.196 [main] INFO  com.Tkk.job.JobApplication - Starting JobApplication on LAPTOP-7JCNLPN9 with PID 1460 (G:\muke\newWorkplace\Job\target\classes started by Vickey in G:\muke\newWorkplace\Job)
2019-10-05 18:45:40.200 [main] INFO  com.Tkk.job.JobApplication - No active profile set, falling back to default profiles: default
2019-10-05 18:45:42.704 [main] INFO  com.Tkk.job.JobApplication - Started JobApplication in 2.853 seconds (JVM running for 3.687)
2019-10-05 22:20:07.711 [main] INFO  com.Tkk.job.JobApplication - Starting JobApplication on LAPTOP-7JCNLPN9 with PID 3204 (G:\muke\newWorkplace\Job\target\classes started by Vickey in G:\muke\newWorkplace\Job)
2019-10-05 22:20:07.747 [main] INFO  com.Tkk.job.JobApplication - No active profile set, falling back to default profiles: default
2019-10-05 22:20:10.853 [main] INFO  com.Tkk.job.JobApplication - Started JobApplication in 3.684 seconds (JVM running for 5.003)
2019-10-05 22:26:23.945 [main] INFO  com.Tkk.job.JobApplication - Starting JobApplication on LAPTOP-7JCNLPN9 with PID 11544 (G:\muke\newWorkplace\Job\target\classes started by Vickey in G:\muke\newWorkplace\Job)
2019-10-05 22:26:23.950 [main] INFO  com.Tkk.job.JobApplication - No active profile set, falling back to default profiles: default
2019-10-05 22:26:27.094 [main] INFO  com.Tkk.job.JobApplication - Started JobApplication in 3.645 seconds (JVM running for 4.812)
2019-10-05 22:28:22.826 [main] INFO  com.Tkk.job.JobApplication - Starting JobApplication on LAPTOP-7JCNLPN9 with PID 17864 (G:\muke\newWorkplace\Job\target\classes started by Vickey in G:\muke\newWorkplace\Job)
2019-10-05 22:28:22.832 [main] INFO  com.Tkk.job.JobApplication - No active profile set, falling back to default profiles: default
2019-10-05 22:28:25.916 [main] INFO  com.Tkk.job.JobApplication - Started JobApplication in 3.577 seconds (JVM running for 4.721)
2019-10-05 22:28:53.240 [main] INFO  com.Tkk.job.JobApplication - Starting JobApplication on LAPTOP-7JCNLPN9 with PID 10144 (G:\muke\newWorkplace\Job\target\classes started by Vickey in G:\muke\newWorkplace\Job)
2019-10-05 22:28:53.244 [main] INFO  com.Tkk.job.JobApplication - No active profile set, falling back to default profiles: default
2019-10-05 22:28:56.261 [main] INFO  com.Tkk.job.JobApplication - Started JobApplication in 3.492 seconds (JVM running for 4.53)
2019-10-05 22:41:07.640 [main] INFO  com.Tkk.job.JobApplication - Starting JobApplication on LAPTOP-7JCNLPN9 with PID 14280 (G:\muke\newWorkplace\Job\target\classes started by Vickey in G:\muke\newWorkplace\Job)
2019-10-05 22:41:07.756 [main] INFO  com.Tkk.job.JobApplication - No active profile set, falling back to default profiles: default
2019-10-05 22:41:11.650 [main] INFO  com.Tkk.job.JobApplication - Started JobApplication in 4.751 seconds (JVM running for 6.207)
2019-10-05 22:54:11.264 [main] INFO  com.Tkk.job.JobApplication - Starting JobApplication on LAPTOP-7JCNLPN9 with PID 14980 (G:\muke\newWorkplace\Job\target\classes started by Vickey in G:\muke\newWorkplace\Job)
2019-10-05 22:54:11.317 [main] INFO  com.Tkk.job.JobApplication - No active profile set, falling back to default profiles: default
2019-10-05 22:54:16.550 [main] INFO  com.Tkk.job.JobApplication - Started JobApplication in 5.754 seconds (JVM running for 7.84)
2019-10-05 22:57:23.229 [main] INFO  com.Tkk.job.JobApplication - Starting JobApplication on LAPTOP-7JCNLPN9 with PID 9968 (G:\muke\newWorkplace\Job\target\classes started by Vickey in G:\muke\newWorkplace\Job)
2019-10-05 22:57:23.236 [main] INFO  com.Tkk.job.JobApplication - No active profile set, falling back to default profiles: default
2019-10-05 22:57:26.241 [main] INFO  com.Tkk.job.JobApplication - Started JobApplication in 3.467 seconds (JVM running for 4.621)
2019-10-05 23:05:31.841 [main] INFO  com.Tkk.job.JobApplication - Starting JobApplication on LAPTOP-7JCNLPN9 with PID 10828 (G:\muke\newWorkplace\Job\target\classes started by Vickey in G:\muke\newWorkplace\Job)
2019-10-05 23:05:31.847 [main] INFO  com.Tkk.job.JobApplication - No active profile set, falling back to default profiles: default
2019-10-05 23:05:34.462 [main] INFO  com.Tkk.job.JobApplication - Started JobApplication in 3.027 seconds (JVM running for 4.102)
2019-10-05 23:07:45.237 [main] INFO  com.Tkk.job.JobApplication - Starting JobApplication on LAPTOP-7JCNLPN9 with PID 11472 (G:\muke\newWorkplace\Job\target\classes started by Vickey in G:\muke\newWorkplace\Job)
2019-10-05 23:07:45.245 [main] INFO  com.Tkk.job.JobApplication - No active profile set, falling back to default profiles: default
2019-10-05 23:07:48.487 [main] INFO  com.Tkk.job.JobApplication - Started JobApplication in 3.756 seconds (JVM running for 4.939)
2019-10-05 23:10:40.781 [main] INFO  com.Tkk.job.JobApplication - Starting JobApplication on LAPTOP-7JCNLPN9 with PID 7948 (G:\muke\newWorkplace\Job\target\classes started by Vickey in G:\muke\newWorkplace\Job)
2019-10-05 23:10:40.784 [main] INFO  com.Tkk.job.JobApplication - No active profile set, falling back to default profiles: default
2019-10-05 23:10:43.465 [main] INFO  com.Tkk.job.JobApplication - Started JobApplication in 3.034 seconds (JVM running for 4.005)
2019-10-05 23:18:45.717 [main] INFO  com.Tkk.job.JobApplication - Starting JobApplication on LAPTOP-7JCNLPN9 with PID 6216 (G:\muke\newWorkplace\Job\target\classes started by Vickey in G:\muke\newWorkplace\Job)
2019-10-05 23:18:45.733 [main] INFO  com.Tkk.job.JobApplication - No active profile set, falling back to default profiles: default
2019-10-05 23:18:49.101 [main] INFO  com.Tkk.job.JobApplication - Started JobApplication in 3.99 seconds (JVM running for 5.113)
2019-10-05 23:20:13.896 [main] INFO  com.Tkk.job.JobApplication - Starting JobApplication on LAPTOP-7JCNLPN9 with PID 4832 (G:\muke\newWorkplace\Job\target\classes started by Vickey in G:\muke\newWorkplace\Job)
2019-10-05 23:20:13.901 [main] INFO  com.Tkk.job.JobApplication - No active profile set, falling back to default profiles: default
2019-10-05 23:20:16.666 [main] INFO  com.Tkk.job.JobApplication - Started JobApplication in 3.111 seconds (JVM running for 3.945)
2019-10-05 23:25:54.475 [main] INFO  com.Tkk.job.JobApplication - Starting JobApplication on LAPTOP-7JCNLPN9 with PID 10408 (G:\muke\newWorkplace\Job\target\classes started by Vickey in G:\muke\newWorkplace\Job)
2019-10-05 23:25:54.481 [main] INFO  com.Tkk.job.JobApplication - No active profile set, falling back to default profiles: default
2019-10-05 23:25:57.152 [main] INFO  com.Tkk.job.JobApplication - Started JobApplication in 3.082 seconds (JVM running for 3.987)
2019-10-05 23:28:41.196 [main] INFO  com.Tkk.job.JobApplication - Starting JobApplication on LAPTOP-7JCNLPN9 with PID 13948 (G:\muke\newWorkplace\Job\target\classes started by Vickey in G:\muke\newWorkplace\Job)
2019-10-05 23:28:41.199 [main] INFO  com.Tkk.job.JobApplication - No active profile set, falling back to default profiles: default
2019-10-05 23:28:43.870 [main] INFO  com.Tkk.job.JobApplication - Started JobApplication in 3.03 seconds (JVM running for 3.937)
2019-10-05 23:30:34.729 [main] INFO  com.Tkk.job.JobApplication - Starting JobApplication on LAPTOP-7JCNLPN9 with PID 9432 (G:\muke\newWorkplace\Job\target\classes started by Vickey in G:\muke\newWorkplace\Job)
2019-10-05 23:30:34.733 [main] INFO  com.Tkk.job.JobApplication - No active profile set, falling back to default profiles: default
2019-10-05 23:30:37.371 [main] INFO  com.Tkk.job.JobApplication - Started JobApplication in 3.027 seconds (JVM running for 3.955)
2019-10-06 11:56:28.725 [main] INFO  com.Tkk.job.JobApplication - Starting JobApplication on LAPTOP-7JCNLPN9 with PID 12232 (G:\muke\newWorkplace\Job\target\classes started by Vickey in G:\muke\newWorkplace\Job)
2019-10-06 11:56:28.756 [main] INFO  com.Tkk.job.JobApplication - No active profile set, falling back to default profiles: default
2019-10-06 11:56:31.956 [main] INFO  com.Tkk.job.JobApplication - Started JobApplication in 3.674 seconds (JVM running for 4.985)
2019-10-06 15:47:21.379 [main] INFO  com.Tkk.job.JobApplication - Starting JobApplication on LAPTOP-7JCNLPN9 with PID 884 (G:\muke\newWorkplace\Job\target\classes started by Vickey in G:\muke\newWorkplace\Job)
2019-10-06 15:47:21.379 [main] INFO  com.Tkk.job.JobApplication - No active profile set, falling back to default profiles: default
2019-10-06 15:47:24.973 [main] INFO  com.Tkk.job.JobApplication - Started JobApplication in 3.942 seconds (JVM running for 5.434)
2019-10-06 15:48:43.814 [main] INFO  com.Tkk.job.JobApplication - Starting JobApplication on LAPTOP-7JCNLPN9 with PID 11260 (G:\muke\newWorkplace\Job\target\classes started by Vickey in G:\muke\newWorkplace\Job)
2019-10-06 15:48:43.814 [main] INFO  com.Tkk.job.JobApplication - No active profile set, falling back to default profiles: default
2019-10-06 15:48:46.051 [main] INFO  com.Tkk.job.JobApplication - Started JobApplication in 2.547 seconds (JVM running for 3.382)
2019-10-06 17:23:07.716 [main] INFO  com.Tkk.job.JobApplication - Starting JobApplication on LAPTOP-7JCNLPN9 with PID 12008 (G:\muke\newWorkplace\Job\target\classes started by Vickey in G:\muke\newWorkplace\Job)
2019-10-06 17:23:07.747 [main] INFO  com.Tkk.job.JobApplication - No active profile set, falling back to default profiles: default
2019-10-06 17:23:11.575 [main] INFO  com.Tkk.job.JobApplication - Started JobApplication in 4.286 seconds (JVM running for 5.53)
2019-10-06 20:06:27.629 [main] INFO  com.Tkk.job.dao.LocalAuthDaoTest - Starting LocalAuthDaoTest on LAPTOP-7JCNLPN9 with PID 17220 (started by Vickey in G:\muke\newWorkplace\Job)
2019-10-06 20:06:27.630 [main] INFO  com.Tkk.job.dao.LocalAuthDaoTest - No active profile set, falling back to default profiles: default
2019-10-06 20:06:32.112 [main] INFO  com.Tkk.job.dao.LocalAuthDaoTest - Started LocalAuthDaoTest in 4.841 seconds (JVM running for 6.266)
2019-10-06 20:07:00.638 [main] INFO  com.Tkk.job.dao.LocalAuthDaoTest - Starting LocalAuthDaoTest on LAPTOP-7JCNLPN9 with PID 5084 (started by Vickey in G:\muke\newWorkplace\Job)
2019-10-06 20:07:00.639 [main] INFO  com.Tkk.job.dao.LocalAuthDaoTest - No active profile set, falling back to default profiles: default
2019-10-06 20:07:04.629 [main] INFO  com.Tkk.job.dao.LocalAuthDaoTest - Started LocalAuthDaoTest in 4.429 seconds (JVM running for 5.685)
2019-10-06 20:07:27.626 [main] INFO  com.Tkk.job.dao.LocalAuthDaoTest - Starting LocalAuthDaoTest on LAPTOP-7JCNLPN9 with PID 10832 (started by Vickey in G:\muke\newWorkplace\Job)
2019-10-06 20:07:27.628 [main] INFO  com.Tkk.job.dao.LocalAuthDaoTest - No active profile set, falling back to default profiles: default
2019-10-06 20:07:31.663 [main] INFO  com.Tkk.job.dao.LocalAuthDaoTest - Started LocalAuthDaoTest in 4.5 seconds (JVM running for 5.706)
2019-10-06 20:54:50.574 [main] INFO  com.Tkk.job.JobApplication - Starting JobApplication on LAPTOP-7JCNLPN9 with PID 4788 (G:\muke\newWorkplace\Job\target\classes started by Vickey in G:\muke\newWorkplace\Job)
2019-10-06 20:54:50.579 [main] INFO  com.Tkk.job.JobApplication - No active profile set, falling back to default profiles: default
2019-10-06 20:54:53.349 [main] INFO  com.Tkk.job.JobApplication - Started JobApplication in 3.151 seconds (JVM running for 4.116)
2019-10-06 20:56:18.333 [main] INFO  com.Tkk.job.JobApplication - Starting JobApplication on LAPTOP-7JCNLPN9 with PID 4236 (G:\muke\newWorkplace\Job\target\classes started by Vickey in G:\muke\newWorkplace\Job)
2019-10-06 20:56:18.337 [main] INFO  com.Tkk.job.JobApplication - No active profile set, falling back to default profiles: default
2019-10-06 20:56:20.852 [main] INFO  com.Tkk.job.JobApplication - Started JobApplication in 2.86 seconds (JVM running for 3.718)
2019-10-06 20:57:26.794 [main] INFO  com.Tkk.job.JobApplication - Starting JobApplication on LAPTOP-7JCNLPN9 with PID 7576 (G:\muke\newWorkplace\Job\target\classes started by Vickey in G:\muke\newWorkplace\Job)
2019-10-06 20:57:26.798 [main] INFO  com.Tkk.job.JobApplication - No active profile set, falling back to default profiles: default
2019-10-06 20:57:29.236 [main] INFO  com.Tkk.job.JobApplication - Started JobApplication in 2.799 seconds (JVM running for 3.682)
2019-10-06 20:57:48.722 [main] INFO  com.Tkk.job.JobApplication - Starting JobApplication on LAPTOP-7JCNLPN9 with PID 11944 (G:\muke\newWorkplace\Job\target\classes started by Vickey in G:\muke\newWorkplace\Job)
2019-10-06 20:57:48.726 [main] INFO  com.Tkk.job.JobApplication - No active profile set, falling back to default profiles: default
2019-10-06 20:57:51.203 [main] INFO  com.Tkk.job.JobApplication - Started JobApplication in 2.817 seconds (JVM running for 3.643)
